[ 2016-10-20T09:56:10+08:00 ] 127.0.0.1 /Shopping/index.php/Home/Cart/index
INFO: [ app_init ] --START--
INFO: Run Behavior\BuildLiteBehavior [ RunTime:0.000035s ]
INFO: [ app_init ] --END-- [ RunTime:0.001241s ]
INFO: [ app_begin ] --START--
INFO: Run Behavior\ReadHtmlCacheBehavior [ RunTime:0.007802s ]
INFO: [ app_begin ] --END-- [ RunTime:0.007956s ]
NOTIC: [8] Undefined index: user D:\AppServ\www\Shopping\App\Home\Common\AuthController.class.php 第 18 行.
SQL: SHOW COLUMNS FROM `auth_group_access` [ RunTime:0.0034s ]
SQL: SELECT `uid`,`group_id`,`title`,`rules` FROM auth_group_access a INNER JOIN auth_group g on a.group_id=g.id  WHERE ( a.uid='' and g.status='1' )  [ RunTime:0.0030s ]
INFO: [ view_parse ] --START--
INFO: [ template_filter ] --START--
INFO: Run Behavior\ContentReplaceBehavior [ RunTime:0.000088s ]
INFO: [ template_filter ] --END-- [ RunTime:0.000236s ]
INFO: Run Behavior\ParseTemplateBehavior [ RunTime:0.016331s ]
INFO: [ view_parse ] --END-- [ RunTime:0.016474s ]
INFO: [ view_filter ] --START--
INFO: Run Behavior\WriteHtmlCacheBehavior [ RunTime:0.001172s ]
INFO: [ view_filter ] --END-- [ RunTime:0.001293s ]

[ 2016-10-20T09:56:13+08:00 ] 127.0.0.1 /Shopping/index.php/Home/Index/index
INFO: [ app_init ] --START--
INFO: Run Behavior\BuildLiteBehavior [ RunTime:0.000094s ]
INFO: [ app_init ] --END-- [ RunTime:0.002222s ]
INFO: [ app_begin ] --START--
INFO: Run Behavior\ReadHtmlCacheBehavior [ RunTime:0.002824s ]
INFO: [ app_begin ] --END-- [ RunTime:0.003238s ]
SQL: SHOW COLUMNS FROM `productcategories` [ RunTime:0.0031s ]
SQL: SELECT * FROM `productcategories` ORDER BY sortid desc  [ RunTime:0.0018s ]
SQL: SHOW COLUMNS FROM `products` [ RunTime:0.0096s ]
SQL: SELECT COUNT(*) AS tp_count FROM `products` WHERE `productcategories_productsid` = '3E5466CA-AA24-90C4-76CC-433312A727C3' LIMIT 1   [ RunTime:0.0020s ]
SQL: SELECT COUNT(*) AS tp_count FROM `products` WHERE `productcategories_productsid` = '1AF68FD7-88E5-F833-C606-CAA9A5080239' LIMIT 1   [ RunTime:0.0018s ]
SQL: SELECT COUNT(*) AS tp_count FROM `products` WHERE `productcategories_productsid` = '098724CB-3C61-80CA-5710-AAD33BB382AC' LIMIT 1   [ RunTime:0.0017s ]
SQL: SELECT COUNT(*) AS tp_count FROM `products` WHERE `productcategories_productsid` = '298CD0A5-5A7E-B9D9-7174-B2A4EFC74BF1' LIMIT 1   [ RunTime:0.0016s ]
INFO: [ view_parse ] --START--
INFO: [ template_filter ] --START--
INFO: Run Behavior\ContentReplaceBehavior [ RunTime:0.000250s ]
INFO: [ template_filter ] --END-- [ RunTime:0.000587s ]
INFO: Run Behavior\ParseTemplateBehavior [ RunTime:0.115758s ]
INFO: [ view_parse ] --END-- [ RunTime:0.116181s ]
INFO: [ view_filter ] --START--
INFO: Run Behavior\WriteHtmlCacheBehavior [ RunTime:0.001531s ]
INFO: [ view_filter ] --END-- [ RunTime:0.001845s ]
INFO: [ app_end ] --START--
INFO: Run Behavior\ShowPageTraceBehavior [ RunTime:0.009954s ]
INFO: [ app_end ] --END-- [ RunTime:0.010314s ]

[ 2016-10-20T17:07:22+08:00 ] 127.0.0.1 /Shopping/index.php/Home/Cart/index
INFO: [ app_init ] --START--
INFO: Run Behavior\BuildLiteBehavior [ RunTime:0.000040s ]
INFO: [ app_init ] --END-- [ RunTime:0.001886s ]
INFO: [ app_begin ] --START--
INFO: Run Behavior\ReadHtmlCacheBehavior [ RunTime:0.003781s ]
INFO: [ app_begin ] --END-- [ RunTime:0.003997s ]
NOTIC: [8] Undefined index: user D:\AppServ\www\Shopping\App\Home\Common\AuthController.class.php 第 18 行.
SQL: SHOW COLUMNS FROM `auth_group_access` [ RunTime:0.0040s ]
SQL: SELECT `uid`,`group_id`,`title`,`rules` FROM auth_group_access a INNER JOIN auth_group g on a.group_id=g.id  WHERE ( a.uid='' and g.status='1' )  [ RunTime:0.0061s ]
INFO: [ view_parse ] --START--
INFO: [ template_filter ] --START--
INFO: Run Behavior\ContentReplaceBehavior [ RunTime:0.000099s ]
INFO: [ template_filter ] --END-- [ RunTime:0.000277s ]
INFO: Run Behavior\ParseTemplateBehavior [ RunTime:0.050631s ]
INFO: [ view_parse ] --END-- [ RunTime:0.050793s ]
INFO: [ view_filter ] --START--
INFO: Run Behavior\WriteHtmlCacheBehavior [ RunTime:0.002021s ]
INFO: [ view_filter ] --END-- [ RunTime:0.002155s ]

[ 2016-10-20T17:07:25+08:00 ] 127.0.0.1 /Shopping/index.php/Home/Index/index
INFO: [ app_init ] --START--
INFO: Run Behavior\BuildLiteBehavior [ RunTime:0.000041s ]
INFO: [ app_init ] --END-- [ RunTime:0.001162s ]
INFO: [ app_begin ] --START--
INFO: Run Behavior\ReadHtmlCacheBehavior [ RunTime:0.001381s ]
INFO: [ app_begin ] --END-- [ RunTime:0.001560s ]
SQL: SHOW COLUMNS FROM `productcategories` [ RunTime:0.0016s ]
SQL: SELECT * FROM `productcategories` ORDER BY sortid desc  [ RunTime:0.0011s ]
SQL: SHOW COLUMNS FROM `products` [ RunTime:0.0041s ]
SQL: SELECT COUNT(*) AS tp_count FROM `products` WHERE `productcategories_productsid` = '3E5466CA-AA24-90C4-76CC-433312A727C3' LIMIT 1   [ RunTime:0.0039s ]
SQL: SELECT COUNT(*) AS tp_count FROM `products` WHERE `productcategories_productsid` = '1AF68FD7-88E5-F833-C606-CAA9A5080239' LIMIT 1   [ RunTime:0.0013s ]
SQL: SELECT COUNT(*) AS tp_count FROM `products` WHERE `productcategories_productsid` = '098724CB-3C61-80CA-5710-AAD33BB382AC' LIMIT 1   [ RunTime:0.0010s ]
SQL: SELECT COUNT(*) AS tp_count FROM `products` WHERE `productcategories_productsid` = '298CD0A5-5A7E-B9D9-7174-B2A4EFC74BF1' LIMIT 1   [ RunTime:0.0013s ]
INFO: [ view_parse ] --START--
INFO: [ template_filter ] --START--
INFO: Run Behavior\ContentReplaceBehavior [ RunTime:0.000094s ]
INFO: [ template_filter ] --END-- [ RunTime:0.000234s ]
INFO: Run Behavior\ParseTemplateBehavior [ RunTime:0.049202s ]
INFO: [ view_parse ] --END-- [ RunTime:0.049416s ]
INFO: [ view_filter ] --START--
INFO: Run Behavior\WriteHtmlCacheBehavior [ RunTime:0.000773s ]
INFO: [ view_filter ] --END-- [ RunTime:0.000903s ]
INFO: [ app_end ] --START--
INFO: Run Behavior\ShowPageTraceBehavior [ RunTime:0.002678s ]
INFO: [ app_end ] --END-- [ RunTime:0.002814s ]

[ 2016-10-20T22:22:31+08:00 ] 127.0.0.1 /Shopping/index.php/Home/Cart/index
INFO: [ app_init ] --START--
INFO: Run Behavior\BuildLiteBehavior [ RunTime:0.000045s ]
INFO: [ app_init ] --END-- [ RunTime:0.001612s ]
INFO: [ app_begin ] --START--
INFO: Run Behavior\ReadHtmlCacheBehavior [ RunTime:0.002371s ]
INFO: [ app_begin ] --END-- [ RunTime:0.002579s ]
NOTIC: [8] Undefined index: user D:\AppServ\www\Shopping\App\Home\Common\AuthController.class.php 第 18 行.
SQL: SHOW COLUMNS FROM `auth_group_access` [ RunTime:0.0016s ]
SQL: SELECT `uid`,`group_id`,`title`,`rules` FROM auth_group_access a INNER JOIN auth_group g on a.group_id=g.id  WHERE ( a.uid='' and g.status='1' )  [ RunTime:0.0016s ]
INFO: [ view_parse ] --START--
INFO: [ template_filter ] --START--
INFO: Run Behavior\ContentReplaceBehavior [ RunTime:0.000114s ]
INFO: [ template_filter ] --END-- [ RunTime:0.000315s ]
INFO: Run Behavior\ParseTemplateBehavior [ RunTime:0.060091s ]
INFO: [ view_parse ] --END-- [ RunTime:0.060274s ]
INFO: [ view_filter ] --START--
INFO: Run Behavior\WriteHtmlCacheBehavior [ RunTime:0.001513s ]
INFO: [ view_filter ] --END-- [ RunTime:0.001664s ]

[ 2016-10-20T22:22:36+08:00 ] 127.0.0.1 /Shopping/index.php/Home/Index/index
INFO: [ app_init ] --START--
INFO: Run Behavior\BuildLiteBehavior [ RunTime:0.000112s ]
INFO: [ app_init ] --END-- [ RunTime:0.002705s ]
INFO: [ app_begin ] --START--
INFO: Run Behavior\ReadHtmlCacheBehavior [ RunTime:0.003480s ]
INFO: [ app_begin ] --END-- [ RunTime:0.003949s ]
SQL: SHOW COLUMNS FROM `productcategories` [ RunTime:0.0031s ]
SQL: SELECT * FROM `productcategories` ORDER BY sortid desc  [ RunTime:0.0016s ]
SQL: SHOW COLUMNS FROM `products` [ RunTime:0.0033s ]
SQL: SELECT COUNT(*) AS tp_count FROM `products` WHERE `productcategories_productsid` = '3E5466CA-AA24-90C4-76CC-433312A727C3' LIMIT 1   [ RunTime:0.0016s ]
SQL: SELECT COUNT(*) AS tp_count FROM `products` WHERE `productcategories_productsid` = '1AF68FD7-88E5-F833-C606-CAA9A5080239' LIMIT 1   [ RunTime:0.0016s ]
SQL: SELECT COUNT(*) AS tp_count FROM `products` WHERE `productcategories_productsid` = '098724CB-3C61-80CA-5710-AAD33BB382AC' LIMIT 1   [ RunTime:0.0014s ]
SQL: SELECT COUNT(*) AS tp_count FROM `products` WHERE `productcategories_productsid` = '298CD0A5-5A7E-B9D9-7174-B2A4EFC74BF1' LIMIT 1   [ RunTime:0.0015s ]
INFO: [ view_parse ] --START--
INFO: [ template_filter ] --START--
INFO: Run Behavior\ContentReplaceBehavior [ RunTime:0.000257s ]
INFO: [ template_filter ] --END-- [ RunTime:0.000809s ]
INFO: Run Behavior\ParseTemplateBehavior [ RunTime:0.114969s ]
INFO: [ view_parse ] --END-- [ RunTime:0.115468s ]
INFO: [ view_filter ] --START--
INFO: Run Behavior\WriteHtmlCacheBehavior [ RunTime:0.001489s ]
INFO: [ view_filter ] --END-- [ RunTime:0.001807s ]
INFO: [ app_end ] --START--
INFO: Run Behavior\ShowPageTraceBehavior [ RunTime:0.010135s ]
INFO: [ app_end ] --END-- [ RunTime:0.010519s ]

[ 2016-10-20T23:16:58+08:00 ] 127.0.0.1 /Shopping/index.php/Home/Login/index
INFO: [ app_init ] --START--
INFO: Run Behavior\BuildLiteBehavior [ RunTime:0.000125s ]
INFO: [ app_init ] --END-- [ RunTime:0.002692s ]
INFO: [ app_begin ] --START--
INFO: Run Behavior\ReadHtmlCacheBehavior [ RunTime:0.003706s ]
INFO: [ app_begin ] --END-- [ RunTime:0.004182s ]
ERR: 无法加载控制器:Login

[ 2016-10-20T23:17:04+08:00 ] 127.0.0.1 /Shopping/index.php/Home/Index/index
INFO: [ app_init ] --START--
INFO: Run Behavior\BuildLiteBehavior [ RunTime:0.000130s ]
INFO: [ app_init ] --END-- [ RunTime:0.002764s ]
INFO: [ app_begin ] --START--
INFO: Run Behavior\ReadHtmlCacheBehavior [ RunTime:0.003722s ]
INFO: [ app_begin ] --END-- [ RunTime:0.004240s ]
SQL: SHOW COLUMNS FROM `productcategories` [ RunTime:0.0030s ]
SQL: SELECT * FROM `productcategories` ORDER BY sortid desc  [ RunTime:0.0017s ]
SQL: SHOW COLUMNS FROM `products` [ RunTime:0.0035s ]
SQL: SELECT COUNT(*) AS tp_count FROM `products` WHERE `productcategories_productsid` = '3E5466CA-AA24-90C4-76CC-433312A727C3' LIMIT 1   [ RunTime:0.0017s ]
SQL: SELECT COUNT(*) AS tp_count FROM `products` WHERE `productcategories_productsid` = '1AF68FD7-88E5-F833-C606-CAA9A5080239' LIMIT 1   [ RunTime:0.0019s ]
SQL: SELECT COUNT(*) AS tp_count FROM `products` WHERE `productcategories_productsid` = '098724CB-3C61-80CA-5710-AAD33BB382AC' LIMIT 1   [ RunTime:0.0019s ]
SQL: SELECT COUNT(*) AS tp_count FROM `products` WHERE `productcategories_productsid` = '298CD0A5-5A7E-B9D9-7174-B2A4EFC74BF1' LIMIT 1   [ RunTime:0.0017s ]
INFO: [ view_parse ] --START--
INFO: [ template_filter ] --START--
INFO: Run Behavior\ContentReplaceBehavior [ RunTime:0.000236s ]
INFO: [ template_filter ] --END-- [ RunTime:0.000592s ]
INFO: Run Behavior\ParseTemplateBehavior [ RunTime:0.041782s ]
INFO: [ view_parse ] --END-- [ RunTime:0.042204s ]
INFO: [ view_filter ] --START--
INFO: Run Behavior\WriteHtmlCacheBehavior [ RunTime:0.001457s ]
INFO: [ view_filter ] --END-- [ RunTime:0.001783s ]
INFO: [ app_end ] --START--
INFO: Run Behavior\ShowPageTraceBehavior [ RunTime:0.002813s ]
INFO: [ app_end ] --END-- [ RunTime:0.003172s ]

[ 2016-10-20T23:17:07+08:00 ] 127.0.0.1 /Shopping/index.php/Home/Index/Login
INFO: [ app_init ] --START--
INFO: Run Behavior\BuildLiteBehavior [ RunTime:0.000114s ]
INFO: [ app_init ] --END-- [ RunTime:0.002731s ]
INFO: [ app_begin ] --START--
INFO: Run Behavior\ReadHtmlCacheBehavior [ RunTime:0.003465s ]
INFO: [ app_begin ] --END-- [ RunTime:0.003949s ]
INFO: [ view_parse ] --START--
INFO: [ template_filter ] --START--
INFO: Run Behavior\ContentReplaceBehavior [ RunTime:0.000368s ]
INFO: [ template_filter ] --END-- [ RunTime:0.000816s ]
INFO: Run Behavior\ParseTemplateBehavior [ RunTime:0.156699s ]
INFO: [ view_parse ] --END-- [ RunTime:0.157154s ]
INFO: [ view_filter ] --START--
INFO: Run Behavior\WriteHtmlCacheBehavior [ RunTime:0.001795s ]
INFO: [ view_filter ] --END-- [ RunTime:0.002224s ]
INFO: [ app_end ] --START--
INFO: Run Behavior\ShowPageTraceBehavior [ RunTime:0.003452s ]
INFO: [ app_end ] --END-- [ RunTime:0.003873s ]

[ 2016-10-20T23:17:15+08:00 ] 127.0.0.1 /Shopping/index.php/Home/Index/LoginHandle
INFO: [ app_init ] --START--
INFO: Run Behavior\BuildLiteBehavior [ RunTime:0.000094s ]
INFO: [ app_init ] --END-- [ RunTime:0.002759s ]
INFO: [ app_begin ] --START--
INFO: Run Behavior\ReadHtmlCacheBehavior [ RunTime:0.004085s ]
INFO: [ app_begin ] --END-- [ RunTime:0.004607s ]
SQL: SHOW COLUMNS FROM `user` [ RunTime:0.0030s ]
SQL: SELECT * FROM `user` WHERE `email` = '12@ad.com' AND `password` = '123456' LIMIT 1   [ RunTime:0.0015s ]
INFO: [ view_parse ] --START--
INFO: [ template_filter ] --START--
INFO: Run Behavior\ContentReplaceBehavior [ RunTime:0.000221s ]
INFO: [ template_filter ] --END-- [ RunTime:0.000520s ]
INFO: Run Behavior\ParseTemplateBehavior [ RunTime:0.033503s ]
INFO: [ view_parse ] --END-- [ RunTime:0.033800s ]
INFO: [ view_filter ] --START--
INFO: Run Behavior\WriteHtmlCacheBehavior [ RunTime:0.001245s ]
INFO: [ view_filter ] --END-- [ RunTime:0.001507s ]

[ 2016-10-20T23:17:31+08:00 ] 127.0.0.1 /Shopping/index.php/Home/Index/LoginHandle
INFO: [ app_init ] --START--
INFO: Run Behavior\BuildLiteBehavior [ RunTime:0.000111s ]
INFO: [ app_init ] --END-- [ RunTime:0.002588s ]
INFO: [ app_begin ] --START--
INFO: Run Behavior\ReadHtmlCacheBehavior [ RunTime:0.003103s ]
INFO: [ app_begin ] --END-- [ RunTime:0.003682s ]
SQL: SHOW COLUMNS FROM `user` [ RunTime:0.0033s ]
SQL: SELECT * FROM `user` WHERE `email` = '12@ad.com' AND `password` = '1' LIMIT 1   [ RunTime:0.0016s ]

[ 2016-10-20T23:17:32+08:00 ] 127.0.0.1 /Shopping/index.php/Home/User/index
INFO: [ app_init ] --START--
INFO: Run Behavior\BuildLiteBehavior [ RunTime:0.000092s ]
INFO: [ app_init ] --END-- [ RunTime:0.002337s ]
INFO: [ app_begin ] --START--
INFO: Run Behavior\ReadHtmlCacheBehavior [ RunTime:0.003095s ]
INFO: [ app_begin ] --END-- [ RunTime:0.003528s ]
SQL: SHOW COLUMNS FROM `user` [ RunTime:0.0034s ]
SQL: SELECT * FROM `user` WHERE `email` = '12@ad.com' LIMIT 1   [ RunTime:0.0016s ]
INFO: [ view_parse ] --START--
INFO: [ template_filter ] --START--
INFO: Run Behavior\ContentReplaceBehavior [ RunTime:0.000261s ]
INFO: [ template_filter ] --END-- [ RunTime:0.000637s ]
INFO: Run Behavior\ParseTemplateBehavior [ RunTime:0.139514s ]
INFO: [ view_parse ] --END-- [ RunTime:0.139962s ]
INFO: [ view_filter ] --START--
INFO: Run Behavior\WriteHtmlCacheBehavior [ RunTime:0.001585s ]
INFO: [ view_filter ] --END-- [ RunTime:0.002048s ]
INFO: [ app_end ] --START--
INFO: Run Behavior\ShowPageTraceBehavior [ RunTime:0.003546s ]
INFO: [ app_end ] --END-- [ RunTime:0.003940s ]

[ 2016-10-20T23:17:38+08:00 ] 127.0.0.1 /Shopping/index.php/Home/Cart/index
INFO: [ app_init ] --START--
INFO: Run Behavior\BuildLiteBehavior [ RunTime:0.000114s ]
INFO: [ app_init ] --END-- [ RunTime:0.002804s ]
INFO: [ app_begin ] --START--
INFO: Run Behavior\ReadHtmlCacheBehavior [ RunTime:0.004291s ]
INFO: [ app_begin ] --END-- [ RunTime:0.005048s ]
SQL: SHOW COLUMNS FROM `auth_group_access` [ RunTime:0.0029s ]
SQL: SELECT `uid`,`group_id`,`title`,`rules` FROM auth_group_access a INNER JOIN auth_group g on a.group_id=g.id  WHERE ( a.uid='' and g.status='1' )  [ RunTime:0.0017s ]
INFO: [ view_parse ] --START--
INFO: [ template_filter ] --START--
INFO: Run Behavior\ContentReplaceBehavior [ RunTime:0.000243s ]
INFO: [ template_filter ] --END-- [ RunTime:0.000653s ]
INFO: Run Behavior\ParseTemplateBehavior [ RunTime:0.035922s ]
INFO: [ view_parse ] --END-- [ RunTime:0.036325s ]
INFO: [ view_filter ] --START--
INFO: Run Behavior\WriteHtmlCacheBehavior [ RunTime:0.001590s ]
INFO: [ view_filter ] --END-- [ RunTime:0.001955s ]

[ 2016-10-20T23:17:42+08:00 ] 127.0.0.1 /Shopping/index.php/Home/Index/index
INFO: [ app_init ] --START--
INFO: Run Behavior\BuildLiteBehavior [ RunTime:0.000110s ]
INFO: [ app_init ] --END-- [ RunTime:0.002751s ]
INFO: [ app_begin ] --START--
INFO: Run Behavior\ReadHtmlCacheBehavior [ RunTime:0.003462s ]
INFO: [ app_begin ] --END-- [ RunTime:0.003966s ]
SQL: SHOW COLUMNS FROM `productcategories` [ RunTime:0.0038s ]
SQL: SELECT * FROM `productcategories` ORDER BY sortid desc  [ RunTime:0.0023s ]
SQL: SHOW COLUMNS FROM `products` [ RunTime:0.0041s ]
SQL: SELECT COUNT(*) AS tp_count FROM `products` WHERE `productcategories_productsid` = '3E5466CA-AA24-90C4-76CC-433312A727C3' LIMIT 1   [ RunTime:0.0021s ]
SQL: SELECT COUNT(*) AS tp_count FROM `products` WHERE `productcategories_productsid` = '1AF68FD7-88E5-F833-C606-CAA9A5080239' LIMIT 1   [ RunTime:0.0020s ]
SQL: SELECT COUNT(*) AS tp_count FROM `products` WHERE `productcategories_productsid` = '098724CB-3C61-80CA-5710-AAD33BB382AC' LIMIT 1   [ RunTime:0.0017s ]
SQL: SELECT COUNT(*) AS tp_count FROM `products` WHERE `productcategories_productsid` = '298CD0A5-5A7E-B9D9-7174-B2A4EFC74BF1' LIMIT 1   [ RunTime:0.0024s ]
INFO: [ view_parse ] --START--
INFO: [ template_filter ] --START--
INFO: Run Behavior\ContentReplaceBehavior [ RunTime:0.000306s ]
INFO: [ template_filter ] --END-- [ RunTime:0.000751s ]
INFO: Run Behavior\ParseTemplateBehavior [ RunTime:0.052739s ]
INFO: [ view_parse ] --END-- [ RunTime:0.053264s ]
INFO: [ view_filter ] --START--
INFO: Run Behavior\WriteHtmlCacheBehavior [ RunTime:0.001795s ]
INFO: [ view_filter ] --END-- [ RunTime:0.002284s ]
INFO: [ app_end ] --START--
INFO: Run Behavior\ShowPageTraceBehavior [ RunTime:0.003876s ]
INFO: [ app_end ] --END-- [ RunTime:0.004319s ]

[ 2016-10-20T23:17:44+08:00 ] 127.0.0.1 /Shopping/index.php/Home/User/index
INFO: [ app_init ] --START--
INFO: Run Behavior\BuildLiteBehavior [ RunTime:0.000130s ]
INFO: [ app_init ] --END-- [ RunTime:0.002695s ]
INFO: [ app_begin ] --START--
INFO: Run Behavior\ReadHtmlCacheBehavior [ RunTime:0.003864s ]
INFO: [ app_begin ] --END-- [ RunTime:0.004356s ]
SQL: SHOW COLUMNS FROM `user` [ RunTime:0.0035s ]
SQL: SELECT * FROM `user` WHERE `email` = '12@ad.com' LIMIT 1   [ RunTime:0.0015s ]
INFO: [ view_parse ] --START--
INFO: [ template_filter ] --START--
INFO: Run Behavior\ContentReplaceBehavior [ RunTime:0.000249s ]
INFO: [ template_filter ] --END-- [ RunTime:0.000605s ]
INFO: Run Behavior\ParseTemplateBehavior [ RunTime:0.042806s ]
INFO: [ view_parse ] --END-- [ RunTime:0.043243s ]
INFO: [ view_filter ] --START--
INFO: Run Behavior\WriteHtmlCacheBehavior [ RunTime:0.001477s ]
INFO: [ view_filter ] --END-- [ RunTime:0.001796s ]
INFO: [ app_end ] --START--
INFO: Run Behavior\ShowPageTraceBehavior [ RunTime:0.002801s ]
INFO: [ app_end ] --END-- [ RunTime:0.003234s ]

[ 2016-10-20T23:17:50+08:00 ] 127.0.0.1 /Shopping/index.php/Home/User/editName
INFO: [ app_init ] --START--
INFO: Run Behavior\BuildLiteBehavior [ RunTime:0.000110s ]
INFO: [ app_init ] --END-- [ RunTime:0.002975s ]
INFO: [ app_begin ] --START--
INFO: Run Behavior\ReadHtmlCacheBehavior [ RunTime:0.005701s ]
INFO: [ app_begin ] --END-- [ RunTime:0.006486s ]
INFO: [ view_parse ] --START--
INFO: [ template_filter ] --START--
INFO: Run Behavior\ContentReplaceBehavior [ RunTime:0.001260s ]
INFO: [ template_filter ] --END-- [ RunTime:0.001858s ]
INFO: Run Behavior\ParseTemplateBehavior [ RunTime:0.137088s ]
INFO: [ view_parse ] --END-- [ RunTime:0.137510s ]
INFO: [ view_filter ] --START--
INFO: Run Behavior\WriteHtmlCacheBehavior [ RunTime:0.001520s ]
INFO: [ view_filter ] --END-- [ RunTime:0.001866s ]
INFO: [ app_end ] --START--
INFO: Run Behavior\ShowPageTraceBehavior [ RunTime:0.003329s ]
INFO: [ app_end ] --END-- [ RunTime:0.003699s ]

[ 2016-10-20T23:17:52+08:00 ] 127.0.0.1 /Shopping/index.php/Home/User/index
INFO: [ app_init ] --START--
INFO: Run Behavior\BuildLiteBehavior [ RunTime:0.000113s ]
INFO: [ app_init ] --END-- [ RunTime:0.002876s ]
INFO: [ app_begin ] --START--
INFO: Run Behavior\ReadHtmlCacheBehavior [ RunTime:0.004299s ]
INFO: [ app_begin ] --END-- [ RunTime:0.004821s ]
SQL: SHOW COLUMNS FROM `user` [ RunTime:0.0035s ]
SQL: SELECT * FROM `user` WHERE `email` = '12@ad.com' LIMIT 1   [ RunTime:0.0019s ]
INFO: [ view_parse ] --START--
INFO: [ template_filter ] --START--
INFO: Run Behavior\ContentReplaceBehavior [ RunTime:0.000252s ]
INFO: [ template_filter ] --END-- [ RunTime:0.000603s ]
INFO: Run Behavior\ParseTemplateBehavior [ RunTime:0.044418s ]
INFO: [ view_parse ] --END-- [ RunTime:0.044882s ]
INFO: [ view_filter ] --START--
INFO: Run Behavior\WriteHtmlCacheBehavior [ RunTime:0.001575s ]
INFO: [ view_filter ] --END-- [ RunTime:0.001904s ]
INFO: [ app_end ] --START--
INFO: Run Behavior\ShowPageTraceBehavior [ RunTime:0.003311s ]
INFO: [ app_end ] --END-- [ RunTime:0.003785s ]

[ 2016-10-20T23:17:54+08:00 ] 127.0.0.1 /Shopping/index.php/Home/User/editPassword
INFO: [ app_init ] --START--
INFO: Run Behavior\BuildLiteBehavior [ RunTime:0.000117s ]
INFO: [ app_init ] --END-- [ RunTime:0.003565s ]
INFO: [ app_begin ] --START--
INFO: Run Behavior\ReadHtmlCacheBehavior [ RunTime:0.004872s ]
INFO: [ app_begin ] --END-- [ RunTime:0.005747s ]
INFO: [ view_parse ] --START--
INFO: [ template_filter ] --START--
INFO: Run Behavior\ContentReplaceBehavior [ RunTime:0.000260s ]
INFO: [ template_filter ] --END-- [ RunTime:0.000642s ]
NOTIC: [8] Undefined variable: user D:\AppServ\www\Shopping\App\Runtime\Cache\Home\28c853315d8ff7d8114d748c9c5a5660.php 第 53 行.
INFO: Run Behavior\ParseTemplateBehavior [ RunTime:0.139477s ]
INFO: [ view_parse ] --END-- [ RunTime:0.139932s ]
INFO: [ view_filter ] --START--
INFO: Run Behavior\WriteHtmlCacheBehavior [ RunTime:0.001747s ]
INFO: [ view_filter ] --END-- [ RunTime:0.002089s ]
INFO: [ app_end ] --START--
INFO: Run Behavior\ShowPageTraceBehavior [ RunTime:0.003261s ]
INFO: [ app_end ] --END-- [ RunTime:0.003624s ]

[ 2016-10-20T23:17:56+08:00 ] 127.0.0.1 /Shopping/index.php/Home/User/index
INFO: [ app_init ] --START--
INFO: Run Behavior\BuildLiteBehavior [ RunTime:0.000115s ]
INFO: [ app_init ] --END-- [ RunTime:0.003349s ]
INFO: [ app_begin ] --START--
INFO: Run Behavior\ReadHtmlCacheBehavior [ RunTime:0.004927s ]
INFO: [ app_begin ] --END-- [ RunTime:0.005642s ]
SQL: SHOW COLUMNS FROM `user` [ RunTime:0.0045s ]
SQL: SELECT * FROM `user` WHERE `email` = '12@ad.com' LIMIT 1   [ RunTime:0.0027s ]
INFO: [ view_parse ] --START--
INFO: [ template_filter ] --START--
INFO: Run Behavior\ContentReplaceBehavior [ RunTime:0.000348s ]
INFO: [ template_filter ] --END-- [ RunTime:0.000793s ]
INFO: Run Behavior\ParseTemplateBehavior [ RunTime:0.059802s ]
INFO: [ view_parse ] --END-- [ RunTime:0.060348s ]
INFO: [ view_filter ] --START--
INFO: Run Behavior\WriteHtmlCacheBehavior [ RunTime:0.001968s ]
INFO: [ view_filter ] --END-- [ RunTime:0.002374s ]
INFO: [ app_end ] --START--
INFO: Run Behavior\ShowPageTraceBehavior [ RunTime:0.003535s ]
INFO: [ app_end ] --END-- [ RunTime:0.003984s ]

[ 2016-10-20T23:17:58+08:00 ] 127.0.0.1 /Shopping/index.php/Home/Cart/index
INFO: [ app_init ] --START--
INFO: Run Behavior\BuildLiteBehavior [ RunTime:0.000114s ]
INFO: [ app_init ] --END-- [ RunTime:0.003075s ]
INFO: [ app_begin ] --START--
INFO: Run Behavior\ReadHtmlCacheBehavior [ RunTime:0.005552s ]
INFO: [ app_begin ] --END-- [ RunTime:0.006040s ]
SQL: SHOW COLUMNS FROM `auth_group_access` [ RunTime:0.0030s ]
SQL: SELECT `uid`,`group_id`,`title`,`rules` FROM auth_group_access a INNER JOIN auth_group g on a.group_id=g.id  WHERE ( a.uid='' and g.status='1' )  [ RunTime:0.0018s ]
INFO: [ view_parse ] --START--
INFO: [ template_filter ] --START--
INFO: Run Behavior\ContentReplaceBehavior [ RunTime:0.000246s ]
INFO: [ template_filter ] --END-- [ RunTime:0.000660s ]
INFO: Run Behavior\ParseTemplateBehavior [ RunTime:0.036092s ]
INFO: [ view_parse ] --END-- [ RunTime:0.036483s ]
INFO: [ view_filter ] --START--
INFO: Run Behavior\WriteHtmlCacheBehavior [ RunTime:0.001517s ]
INFO: [ view_filter ] --END-- [ RunTime:0.001831s ]

[ 2016-10-20T23:18:01+08:00 ] 127.0.0.1 /Shopping/index.php/Home/Index/index
INFO: [ app_init ] --START--
INFO: Run Behavior\BuildLiteBehavior [ RunTime:0.000117s ]
INFO: [ app_init ] --END-- [ RunTime:0.003344s ]
INFO: [ app_begin ] --START--
INFO: Run Behavior\ReadHtmlCacheBehavior [ RunTime:0.003552s ]
INFO: [ app_begin ] --END-- [ RunTime:0.004057s ]
SQL: SHOW COLUMNS FROM `productcategories` [ RunTime:0.0039s ]
SQL: SELECT * FROM `productcategories` ORDER BY sortid desc  [ RunTime:0.0021s ]
SQL: SHOW COLUMNS FROM `products` [ RunTime:0.0041s ]
SQL: SELECT COUNT(*) AS tp_count FROM `products` WHERE `productcategories_productsid` = '3E5466CA-AA24-90C4-76CC-433312A727C3' LIMIT 1   [ RunTime:0.0021s ]
SQL: SELECT COUNT(*) AS tp_count FROM `products` WHERE `productcategories_productsid` = '1AF68FD7-88E5-F833-C606-CAA9A5080239' LIMIT 1   [ RunTime:0.0019s ]
SQL: SELECT COUNT(*) AS tp_count FROM `products` WHERE `productcategories_productsid` = '098724CB-3C61-80CA-5710-AAD33BB382AC' LIMIT 1   [ RunTime:0.0018s ]
SQL: SELECT COUNT(*) AS tp_count FROM `products` WHERE `productcategories_productsid` = '298CD0A5-5A7E-B9D9-7174-B2A4EFC74BF1' LIMIT 1   [ RunTime:0.0020s ]
INFO: [ view_parse ] --START--
INFO: [ template_filter ] --START--
INFO: Run Behavior\ContentReplaceBehavior [ RunTime:0.000362s ]
INFO: [ template_filter ] --END-- [ RunTime:0.000819s ]
INFO: Run Behavior\ParseTemplateBehavior [ RunTime:0.052816s ]
INFO: [ view_parse ] --END-- [ RunTime:0.053364s ]
INFO: [ view_filter ] --START--
INFO: Run Behavior\WriteHtmlCacheBehavior [ RunTime:0.001832s ]
INFO: [ view_filter ] --END-- [ RunTime:0.002241s ]
INFO: [ app_end ] --START--
INFO: Run Behavior\ShowPageTraceBehavior [ RunTime:0.003537s ]
INFO: [ app_end ] --END-- [ RunTime:0.003979s ]

[ 2016-10-20T23:18:04+08:00 ] 127.0.0.1 /Shopping/index.php/Home/User/logout
INFO: [ app_init ] --START--
INFO: Run Behavior\BuildLiteBehavior [ RunTime:0.000167s ]
INFO: [ app_init ] --END-- [ RunTime:0.003639s ]
INFO: [ app_begin ] --START--
INFO: Run Behavior\ReadHtmlCacheBehavior [ RunTime:0.003510s ]
INFO: [ app_begin ] --END-- [ RunTime:0.003994s ]
NOTIC: [8] A session had already been started - ignoring session_start() D:\AppServ\www\Shopping\App\Home\Controller\UserController.class.php 第 99 行.

[ 2016-10-20T23:18:04+08:00 ] 127.0.0.1 /Shopping/index.php/Home/Index/index
INFO: [ app_init ] --START--
INFO: Run Behavior\BuildLiteBehavior [ RunTime:0.000090s ]
INFO: [ app_init ] --END-- [ RunTime:0.002169s ]
INFO: [ app_begin ] --START--
INFO: Run Behavior\ReadHtmlCacheBehavior [ RunTime:0.002837s ]
INFO: [ app_begin ] --END-- [ RunTime:0.003215s ]
SQL: SHOW COLUMNS FROM `productcategories` [ RunTime:0.0031s ]
SQL: SELECT * FROM `productcategories` ORDER BY sortid desc  [ RunTime:0.0020s ]
SQL: SHOW COLUMNS FROM `products` [ RunTime:0.0044s ]
SQL: SELECT COUNT(*) AS tp_count FROM `products` WHERE `productcategories_productsid` = '3E5466CA-AA24-90C4-76CC-433312A727C3' LIMIT 1   [ RunTime:0.0017s ]
SQL: SELECT COUNT(*) AS tp_count FROM `products` WHERE `productcategories_productsid` = '1AF68FD7-88E5-F833-C606-CAA9A5080239' LIMIT 1   [ RunTime:0.0018s ]
SQL: SELECT COUNT(*) AS tp_count FROM `products` WHERE `productcategories_productsid` = '098724CB-3C61-80CA-5710-AAD33BB382AC' LIMIT 1   [ RunTime:0.0016s ]
SQL: SELECT COUNT(*) AS tp_count FROM `products` WHERE `productcategories_productsid` = '298CD0A5-5A7E-B9D9-7174-B2A4EFC74BF1' LIMIT 1   [ RunTime:0.0015s ]
INFO: [ view_parse ] --START--
INFO: [ template_filter ] --START--
INFO: Run Behavior\ContentReplaceBehavior [ RunTime:0.000215s ]
INFO: [ template_filter ] --END-- [ RunTime:0.000508s ]
INFO: Run Behavior\ParseTemplateBehavior [ RunTime:0.042435s ]
INFO: [ view_parse ] --END-- [ RunTime:0.042837s ]
INFO: [ view_filter ] --START--
INFO: Run Behavior\WriteHtmlCacheBehavior [ RunTime:0.001589s ]
INFO: [ view_filter ] --END-- [ RunTime:0.001891s ]
INFO: [ app_end ] --START--
INFO: Run Behavior\ShowPageTraceBehavior [ RunTime:0.002429s ]
INFO: [ app_end ] --END-- [ RunTime:0.002734s ]

