[ 2016-10-01T08:50:04+08:00 ] 127.0.0.1 /Shopping/index.php/Home/Products/addProductsHandle.html
INFO: [ app_init ] --START--
INFO: Run Behavior\BuildLiteBehavior [ RunTime:0.000109s ]
INFO: [ app_init ] --END-- [ RunTime:0.003182s ]
INFO: [ app_begin ] --START--
INFO: Run Behavior\ReadHtmlCacheBehavior [ RunTime:0.006190s ]
INFO: [ app_begin ] --END-- [ RunTime:0.006780s ]
NOTIC: [8192] Non-static method Home\Common\NetAddress::getLocalHost() should not be called statically, assuming $this from incompatible context D:\AppServ\www\Shopping\App\Home\Common\Guid.class.php 第 23 行.
NOTIC: [8] Undefined index: COMPUTERNAME D:\AppServ\www\Shopping\App\Home\Common\NetAddress.class.php 第 16 行.
NOTIC: [8192] Non-static method Home\Common\System::currentTimeMillis() should not be called statically, assuming $this from incompatible context D:\AppServ\www\Shopping\App\Home\Common\Guid.class.php 第 24 行.
NOTIC: [8] Undefined offset: 1 D:\AppServ\www\Shopping\App\Home\Common\System.class.php 第 13 行.
NOTIC: [8192] Non-static method Home\Common\Random::nextLong() should not be called statically, assuming $this from incompatible context D:\AppServ\www\Shopping\App\Home\Common\Guid.class.php 第 24 行.
NOTIC: [8] Undefined index: name D:\AppServ\www\Shopping\App\Home\Controller\ProductsController.class.php 第 44 行.
INFO: [ view_parse ] --START--
INFO: [ template_filter ] --START--
INFO: Run Behavior\ContentReplaceBehavior [ RunTime:0.000316s ]
INFO: [ template_filter ] --END-- [ RunTime:0.000833s ]
INFO: Run Behavior\ParseTemplateBehavior [ RunTime:0.130183s ]
INFO: [ view_parse ] --END-- [ RunTime:0.130718s ]
INFO: [ view_filter ] --START--
INFO: Run Behavior\WriteHtmlCacheBehavior [ RunTime:0.003913s ]
INFO: [ view_filter ] --END-- [ RunTime:0.004360s ]

[ 2016-10-01T08:50:05+08:00 ] 127.0.0.1 /Shopping/index.php/Home/ProductCategories/addProductCategories.html
INFO: [ app_init ] --START--
INFO: Run Behavior\BuildLiteBehavior [ RunTime:0.000111s ]
INFO: [ app_init ] --END-- [ RunTime:0.003196s ]
INFO: [ app_begin ] --START--
INFO: Run Behavior\ReadHtmlCacheBehavior [ RunTime:0.005697s ]
INFO: [ app_begin ] --END-- [ RunTime:0.006188s ]
SQL: SHOW COLUMNS FROM `productcategories` [ RunTime:0.0039s ]
SQL: SELECT * FROM `productcategories` ORDER BY sortid desc  [ RunTime:0.0029s ]
INFO: [ view_parse ] --START--
INFO: [ template_filter ] --START--
INFO: Run Behavior\ContentReplaceBehavior [ RunTime:0.000282s ]
INFO: [ template_filter ] --END-- [ RunTime:0.000664s ]
INFO: Run Behavior\ParseTemplateBehavior [ RunTime:0.199967s ]
INFO: [ view_parse ] --END-- [ RunTime:0.200373s ]
INFO: [ view_filter ] --START--
INFO: Run Behavior\WriteHtmlCacheBehavior [ RunTime:0.002260s ]
INFO: [ view_filter ] --END-- [ RunTime:0.002537s ]
INFO: [ app_end ] --START--
INFO: Run Behavior\ShowPageTraceBehavior [ RunTime:0.003832s ]
INFO: [ app_end ] --END-- [ RunTime:0.004142s ]

