[ 2016-10-01T08:45:06+08:00 ] 127.0.0.1 /Shopping/Admin/Index/Index
INFO: [ app_init ] --START--
INFO: Run Behavior\BuildLiteBehavior [ RunTime:0.000088s ]
INFO: [ app_init ] --END-- [ RunTime:0.005237s ]
INFO: [ app_begin ] --START--
INFO: Run Behavior\ReadHtmlCacheBehavior [ RunTime:0.005987s ]
INFO: [ app_begin ] --END-- [ RunTime:0.006408s ]
ERR: 无法加载控制器:Index

[ 2016-10-01T08:45:57+08:00 ] 127.0.0.1 /Shopping/Admin/Index
INFO: [ app_init ] --START--
INFO: Run Behavior\BuildLiteBehavior [ RunTime:0.000089s ]
INFO: [ app_init ] --END-- [ RunTime:0.002522s ]
INFO: [ app_begin ] --START--
INFO: Run Behavior\ReadHtmlCacheBehavior [ RunTime:0.004953s ]
INFO: [ app_begin ] --END-- [ RunTime:0.005367s ]
SQL: SHOW COLUMNS FROM `auth_group_access` [ RunTime:0.0555s ]
SQL: SELECT `uid`,`group_id`,`title`,`rules` FROM auth_group_access a INNER JOIN auth_group g on a.group_id=g.id  WHERE ( a.uid='' and g.status='1' )  [ RunTime:0.0231s ]
INFO: [ app_end ] --START--
INFO: Run Behavior\ShowPageTraceBehavior [ RunTime:0.006024s ]
INFO: [ app_end ] --END-- [ RunTime:0.006518s ]

[ 2016-10-01T08:46:09+08:00 ] 127.0.0.1 /Shopping/Admin/Index/index
INFO: [ app_init ] --START--
INFO: Run Behavior\BuildLiteBehavior [ RunTime:0.000115s ]
INFO: [ app_init ] --END-- [ RunTime:0.003660s ]
INFO: [ app_begin ] --START--
INFO: Run Behavior\ReadHtmlCacheBehavior [ RunTime:0.005507s ]
INFO: [ app_begin ] --END-- [ RunTime:0.005993s ]
SQL: SHOW COLUMNS FROM `auth_group_access` [ RunTime:0.0036s ]
SQL: SELECT `uid`,`group_id`,`title`,`rules` FROM auth_group_access a INNER JOIN auth_group g on a.group_id=g.id  WHERE ( a.uid='' and g.status='1' )  [ RunTime:0.0109s ]
INFO: [ app_end ] --START--
INFO: Run Behavior\ShowPageTraceBehavior [ RunTime:0.005371s ]
INFO: [ app_end ] --END-- [ RunTime:0.005851s ]

[ 2016-10-01T08:46:56+08:00 ] 127.0.0.1 /Shopping/Admin/Index/index
INFO: [ app_init ] --START--
INFO: Run Behavior\BuildLiteBehavior [ RunTime:0.000130s ]
INFO: [ app_init ] --END-- [ RunTime:0.003209s ]
INFO: [ app_begin ] --START--
INFO: Run Behavior\ReadHtmlCacheBehavior [ RunTime:0.003996s ]
INFO: [ app_begin ] --END-- [ RunTime:0.004386s ]
SQL: SHOW COLUMNS FROM `auth_group_access` [ RunTime:0.0093s ]
SQL: SELECT `uid`,`group_id`,`title`,`rules` FROM auth_group_access a INNER JOIN auth_group g on a.group_id=g.id  WHERE ( a.uid='' and g.status='1' )  [ RunTime:0.0086s ]
INFO: [ app_end ] --START--
INFO: Run Behavior\ShowPageTraceBehavior [ RunTime:0.004125s ]
INFO: [ app_end ] --END-- [ RunTime:0.004482s ]

[ 2016-10-01T08:46:57+08:00 ] 127.0.0.1 /Shopping/Admin/Index
INFO: [ app_init ] --START--
INFO: Run Behavior\BuildLiteBehavior [ RunTime:0.000108s ]
INFO: [ app_init ] --END-- [ RunTime:0.003184s ]
INFO: [ app_begin ] --START--
INFO: Run Behavior\ReadHtmlCacheBehavior [ RunTime:0.006145s ]
INFO: [ app_begin ] --END-- [ RunTime:0.006636s ]
SQL: SHOW COLUMNS FROM `auth_group_access` [ RunTime:0.0093s ]
SQL: SELECT `uid`,`group_id`,`title`,`rules` FROM auth_group_access a INNER JOIN auth_group g on a.group_id=g.id  WHERE ( a.uid='' and g.status='1' )  [ RunTime:0.0021s ]
INFO: [ app_end ] --START--
INFO: Run Behavior\ShowPageTraceBehavior [ RunTime:0.004453s ]
INFO: [ app_end ] --END-- [ RunTime:0.004953s ]

[ 2016-10-01T08:46:59+08:00 ] 127.0.0.1 /Shopping/Admin/Index
INFO: [ app_init ] --START--
INFO: Run Behavior\BuildLiteBehavior [ RunTime:0.000170s ]
INFO: [ app_init ] --END-- [ RunTime:0.004316s ]
INFO: [ app_begin ] --START--
INFO: Run Behavior\ReadHtmlCacheBehavior [ RunTime:0.005068s ]
INFO: [ app_begin ] --END-- [ RunTime:0.005617s ]
SQL: SHOW COLUMNS FROM `auth_group_access` [ RunTime:0.0115s ]
SQL: SELECT `uid`,`group_id`,`title`,`rules` FROM auth_group_access a INNER JOIN auth_group g on a.group_id=g.id  WHERE ( a.uid='' and g.status='1' )  [ RunTime:0.0092s ]
INFO: [ app_end ] --START--
INFO: Run Behavior\ShowPageTraceBehavior [ RunTime:0.005675s ]
INFO: [ app_end ] --END-- [ RunTime:0.006103s ]

[ 2016-10-01T08:47:00+08:00 ] 127.0.0.1 /Shopping/Admin/Index
INFO: [ app_init ] --START--
INFO: Run Behavior\BuildLiteBehavior [ RunTime:0.000111s ]
INFO: [ app_init ] --END-- [ RunTime:0.003393s ]
INFO: [ app_begin ] --START--
INFO: Run Behavior\ReadHtmlCacheBehavior [ RunTime:0.005972s ]
INFO: [ app_begin ] --END-- [ RunTime:0.006482s ]
SQL: SHOW COLUMNS FROM `auth_group_access` [ RunTime:0.0116s ]
SQL: SELECT `uid`,`group_id`,`title`,`rules` FROM auth_group_access a INNER JOIN auth_group g on a.group_id=g.id  WHERE ( a.uid='' and g.status='1' )  [ RunTime:0.0101s ]
INFO: [ app_end ] --START--
INFO: Run Behavior\ShowPageTraceBehavior [ RunTime:0.005299s ]
INFO: [ app_end ] --END-- [ RunTime:0.005806s ]

[ 2016-10-01T08:47:17+08:00 ] 127.0.0.1 /Shopping/Admin/Index
INFO: [ app_init ] --START--
INFO: Run Behavior\BuildLiteBehavior [ RunTime:0.000107s ]
INFO: [ app_init ] --END-- [ RunTime:0.003112s ]
INFO: [ app_begin ] --START--
INFO: Run Behavior\ReadHtmlCacheBehavior [ RunTime:0.005558s ]
INFO: [ app_begin ] --END-- [ RunTime:0.006084s ]
SQL: SHOW COLUMNS FROM `auth_group_access` [ RunTime:0.0108s ]
SQL: SELECT `uid`,`group_id`,`title`,`rules` FROM auth_group_access a INNER JOIN auth_group g on a.group_id=g.id  WHERE ( a.uid='' and g.status='1' )  [ RunTime:0.0095s ]
INFO: [ app_end ] --START--
INFO: Run Behavior\ShowPageTraceBehavior [ RunTime:0.005682s ]
INFO: [ app_end ] --END-- [ RunTime:0.006107s ]

[ 2016-10-01T08:48:02+08:00 ] 127.0.0.1 /Shopping/Admin/Index
INFO: [ app_init ] --START--
INFO: Run Behavior\BuildLiteBehavior [ RunTime:0.000129s ]
INFO: [ app_init ] --END-- [ RunTime:0.003530s ]
INFO: [ app_begin ] --START--
INFO: Run Behavior\ReadHtmlCacheBehavior [ RunTime:0.005467s ]
INFO: [ app_begin ] --END-- [ RunTime:0.006219s ]
SQL: SHOW COLUMNS FROM `auth_group_access` [ RunTime:0.0117s ]
SQL: SELECT `uid`,`group_id`,`title`,`rules` FROM auth_group_access a INNER JOIN auth_group g on a.group_id=g.id  WHERE ( a.uid='' and g.status='1' )  [ RunTime:0.0092s ]
INFO: [ view_parse ] --START--
INFO: [ template_filter ] --START--
INFO: Run Behavior\ContentReplaceBehavior [ RunTime:0.002686s ]
INFO: [ template_filter ] --END-- [ RunTime:0.003490s ]
INFO: Run Behavior\ParseTemplateBehavior [ RunTime:0.144434s ]
INFO: [ view_parse ] --END-- [ RunTime:0.144985s ]
INFO: [ view_filter ] --START--
INFO: Run Behavior\WriteHtmlCacheBehavior [ RunTime:0.009992s ]
INFO: [ view_filter ] --END-- [ RunTime:0.010451s ]

