[ 2016-10-13T22:59:47+08:00 ] 127.0.0.1 /Shopping/index.php/Admin/Index/index
INFO: [ app_init ] --START--
INFO: Run Behavior\BuildLiteBehavior [ RunTime:0.000112s ]
INFO: [ app_init ] --END-- [ RunTime:0.003066s ]
INFO: [ app_begin ] --START--
INFO: Run Behavior\ReadHtmlCacheBehavior [ RunTime:0.003669s ]
INFO: [ app_begin ] --END-- [ RunTime:0.004223s ]
INFO: [ view_parse ] --START--
INFO: [ template_filter ] --START--
INFO: Run Behavior\ContentReplaceBehavior [ RunTime:0.000277s ]
INFO: [ template_filter ] --END-- [ RunTime:0.000752s ]
INFO: Run Behavior\ParseTemplateBehavior [ RunTime:0.198707s ]
INFO: [ view_parse ] --END-- [ RunTime:0.199226s ]
INFO: [ view_filter ] --START--
INFO: Run Behavior\WriteHtmlCacheBehavior [ RunTime:0.002381s ]
INFO: [ view_filter ] --END-- [ RunTime:0.002799s ]
INFO: [ app_end ] --START--
INFO: Run Behavior\ShowPageTraceBehavior [ RunTime:0.003511s ]
INFO: [ app_end ] --END-- [ RunTime:0.003981s ]

[ 2016-10-13T22:59:52+08:00 ] 127.0.0.1 /Shopping/index.php/Admin/Products/addProducts
INFO: [ app_init ] --START--
INFO: Run Behavior\BuildLiteBehavior [ RunTime:0.000108s ]
INFO: [ app_init ] --END-- [ RunTime:0.002682s ]
INFO: [ app_begin ] --START--
INFO: Run Behavior\ReadHtmlCacheBehavior [ RunTime:0.004575s ]
INFO: [ app_begin ] --END-- [ RunTime:0.005096s ]
SQL: SHOW COLUMNS FROM `productcategories` [ RunTime:0.0036s ]
SQL: SELECT * FROM `productcategories` ORDER BY sortid desc  [ RunTime:0.0019s ]
INFO: [ view_parse ] --START--
INFO: [ template_filter ] --START--
INFO: Run Behavior\ContentReplaceBehavior [ RunTime:0.000360s ]
INFO: [ template_filter ] --END-- [ RunTime:0.000808s ]
INFO: Run Behavior\ParseTemplateBehavior [ RunTime:0.248771s ]
INFO: [ view_parse ] --END-- [ RunTime:0.249246s ]
INFO: [ view_filter ] --START--
INFO: Run Behavior\WriteHtmlCacheBehavior [ RunTime:0.001920s ]
INFO: [ view_filter ] --END-- [ RunTime:0.002355s ]
INFO: [ app_end ] --START--
INFO: Run Behavior\ShowPageTraceBehavior [ RunTime:0.004508s ]
INFO: [ app_end ] --END-- [ RunTime:0.005103s ]

[ 2016-10-13T22:59:54+08:00 ] 127.0.0.1 /Shopping/index.php/Admin/ProductCategories/addProductCategories
INFO: [ app_init ] --START--
INFO: Run Behavior\BuildLiteBehavior [ RunTime:0.000110s ]
INFO: [ app_init ] --END-- [ RunTime:0.002785s ]
INFO: [ app_begin ] --START--
INFO: Run Behavior\ReadHtmlCacheBehavior [ RunTime:0.003698s ]
INFO: [ app_begin ] --END-- [ RunTime:0.004170s ]
SQL: SHOW COLUMNS FROM `productcategories` [ RunTime:0.0037s ]
SQL: SELECT * FROM `productcategories` ORDER BY sortid desc  [ RunTime:0.0019s ]
INFO: [ view_parse ] --START--
INFO: [ template_filter ] --START--
INFO: Run Behavior\ContentReplaceBehavior [ RunTime:0.000335s ]
INFO: [ template_filter ] --END-- [ RunTime:0.000826s ]
INFO: Run Behavior\ParseTemplateBehavior [ RunTime:0.248590s ]
INFO: [ view_parse ] --END-- [ RunTime:0.249017s ]
INFO: [ view_filter ] --START--
INFO: Run Behavior\WriteHtmlCacheBehavior [ RunTime:0.001535s ]
INFO: [ view_filter ] --END-- [ RunTime:0.001867s ]
INFO: [ app_end ] --START--
INFO: Run Behavior\ShowPageTraceBehavior [ RunTime:0.002805s ]
INFO: [ app_end ] --END-- [ RunTime:0.003195s ]

[ 2016-10-13T23:00:07+08:00 ] 127.0.0.1 /Shopping/index.php/Admin/ProductCategories/deleteProductCategoriesHandle?id=298CD0A5-5A7E-B9D9-7174-B2A4EFC74BF1
INFO: [ app_init ] --START--
INFO: Run Behavior\BuildLiteBehavior [ RunTime:0.000116s ]
INFO: [ app_init ] --END-- [ RunTime:0.003659s ]
INFO: [ app_begin ] --START--
INFO: Run Behavior\ReadHtmlCacheBehavior [ RunTime:0.004633s ]
INFO: [ app_begin ] --END-- [ RunTime:0.005238s ]
ERR: 非法操作:deleteProductCategoriesHandle

[ 2016-10-13T23:00:12+08:00 ] 127.0.0.1 /Shopping/index.php/Admin/ProductCategories/deleteProductCategoriesHandle?id=1AF68FD7-88E5-F833-C606-CAA9A5080239
INFO: [ app_init ] --START--
INFO: Run Behavior\BuildLiteBehavior [ RunTime:0.000116s ]
INFO: [ app_init ] --END-- [ RunTime:0.004856s ]
INFO: [ app_begin ] --START--
INFO: Run Behavior\ReadHtmlCacheBehavior [ RunTime:0.004144s ]
INFO: [ app_begin ] --END-- [ RunTime:0.004665s ]
ERR: 非法操作:deleteProductCategoriesHandle

