[ 2016-10-11T21:10:43+08:00 ] 127.0.0.1 /Shopping/Admin/Products/addProducts
INFO: [ app_init ] --START--
INFO: Run Behavior\BuildLiteBehavior [ RunTime:0.000107s ]
INFO: [ app_init ] --END-- [ RunTime:0.003029s ]
INFO: [ app_begin ] --START--
INFO: Run Behavior\ReadHtmlCacheBehavior [ RunTime:0.004801s ]
INFO: [ app_begin ] --END-- [ RunTime:0.005263s ]
ERR: 无法加载控制器:Products

[ 2016-10-11T21:11:33+08:00 ] 127.0.0.1 /Shopping/Admin/User/Login
INFO: [ app_init ] --START--
INFO: Run Behavior\BuildLiteBehavior [ RunTime:0.000124s ]
INFO: [ app_init ] --END-- [ RunTime:0.002869s ]
INFO: [ app_begin ] --START--
INFO: Run Behavior\ReadHtmlCacheBehavior [ RunTime:0.003573s ]
INFO: [ app_begin ] --END-- [ RunTime:0.004050s ]
ERR: 无法加载控制器:User

[ 2016-10-11T21:12:25+08:00 ] 127.0.0.1 /Shopping/Admin/Index/index
INFO: [ app_init ] --START--
INFO: Run Behavior\BuildLiteBehavior [ RunTime:0.000076s ]
INFO: [ app_init ] --END-- [ RunTime:0.002308s ]
INFO: [ app_begin ] --START--
INFO: Run Behavior\ReadHtmlCacheBehavior [ RunTime:0.003149s ]
INFO: [ app_begin ] --END-- [ RunTime:0.003500s ]
SQL: SHOW COLUMNS FROM `auth_group_access` [ RunTime:0.0773s ]
SQL: SELECT `uid`,`group_id`,`title`,`rules` FROM auth_group_access a INNER JOIN auth_group g on a.group_id=g.id  WHERE ( a.uid='' and g.status='1' )  [ RunTime:0.1013s ]
INFO: [ view_parse ] --START--
INFO: [ template_filter ] --START--
INFO: Run Behavior\ContentReplaceBehavior [ RunTime:0.000296s ]
INFO: [ template_filter ] --END-- [ RunTime:0.000742s ]
INFO: Run Behavior\ParseTemplateBehavior [ RunTime:0.193195s ]
INFO: [ view_parse ] --END-- [ RunTime:0.193729s ]
INFO: [ view_filter ] --START--
INFO: Run Behavior\WriteHtmlCacheBehavior [ RunTime:0.002574s ]
INFO: [ view_filter ] --END-- [ RunTime:0.003033s ]

[ 2016-10-11T21:12:28+08:00 ] 127.0.0.1 /Shopping/Admin/User/Login
INFO: [ app_init ] --START--
INFO: Run Behavior\BuildLiteBehavior [ RunTime:0.000140s ]
INFO: [ app_init ] --END-- [ RunTime:0.003515s ]
INFO: [ app_begin ] --START--
INFO: Run Behavior\ReadHtmlCacheBehavior [ RunTime:0.004594s ]
INFO: [ app_begin ] --END-- [ RunTime:0.005224s ]
INFO: [ view_parse ] --START--
INFO: [ template_filter ] --START--
INFO: Run Behavior\ContentReplaceBehavior [ RunTime:0.000425s ]
INFO: [ template_filter ] --END-- [ RunTime:0.001025s ]
INFO: Run Behavior\ParseTemplateBehavior [ RunTime:0.271511s ]
INFO: [ view_parse ] --END-- [ RunTime:0.272097s ]
INFO: [ view_filter ] --START--
INFO: Run Behavior\WriteHtmlCacheBehavior [ RunTime:0.001920s ]
INFO: [ view_filter ] --END-- [ RunTime:0.002313s ]
INFO: [ app_end ] --START--
INFO: Run Behavior\ShowPageTraceBehavior [ RunTime:0.004298s ]
INFO: [ app_end ] --END-- [ RunTime:0.004706s ]

[ 2016-10-11T21:19:13+08:00 ] 127.0.0.1 /Shopping/Admin/Index
INFO: [ app_init ] --START--
INFO: Run Behavior\BuildLiteBehavior [ RunTime:0.000126s ]
INFO: [ app_init ] --END-- [ RunTime:0.003143s ]
INFO: [ app_begin ] --START--
INFO: Run Behavior\ReadHtmlCacheBehavior [ RunTime:0.004729s ]
INFO: [ app_begin ] --END-- [ RunTime:0.005318s ]
INFO: [ view_parse ] --START--
INFO: [ template_filter ] --START--
INFO: Run Behavior\ContentReplaceBehavior [ RunTime:0.000400s ]
INFO: [ template_filter ] --END-- [ RunTime:0.000902s ]
INFO: Run Behavior\ParseTemplateBehavior [ RunTime:0.081012s ]
INFO: [ view_parse ] --END-- [ RunTime:0.081485s ]
INFO: [ view_filter ] --START--
INFO: Run Behavior\WriteHtmlCacheBehavior [ RunTime:0.002637s ]
INFO: [ view_filter ] --END-- [ RunTime:0.003017s ]
INFO: [ app_end ] --START--
INFO: Run Behavior\ShowPageTraceBehavior [ RunTime:0.004538s ]
INFO: [ app_end ] --END-- [ RunTime:0.004991s ]

[ 2016-10-11T21:22:42+08:00 ] 127.0.0.1 /Shopping/Admin/Index
INFO: [ app_init ] --START--
INFO: Run Behavior\BuildLiteBehavior [ RunTime:0.000092s ]
INFO: [ app_init ] --END-- [ RunTime:0.003882s ]
INFO: [ app_begin ] --START--
INFO: Run Behavior\ReadHtmlCacheBehavior [ RunTime:0.006086s ]
INFO: [ app_begin ] --END-- [ RunTime:0.006555s ]
INFO: [ view_parse ] --START--
INFO: [ template_filter ] --START--
INFO: Run Behavior\ContentReplaceBehavior [ RunTime:0.000243s ]
INFO: [ template_filter ] --END-- [ RunTime:0.001121s ]
INFO: Run Behavior\ParseTemplateBehavior [ RunTime:0.150222s ]
INFO: [ view_parse ] --END-- [ RunTime:0.150705s ]
INFO: [ view_filter ] --START--
INFO: Run Behavior\WriteHtmlCacheBehavior [ RunTime:0.002038s ]
INFO: [ view_filter ] --END-- [ RunTime:0.002331s ]
INFO: [ app_end ] --START--
INFO: Run Behavior\ShowPageTraceBehavior [ RunTime:0.003836s ]
INFO: [ app_end ] --END-- [ RunTime:0.004129s ]

[ 2016-10-11T21:25:13+08:00 ] 127.0.0.1 /Shopping/Admin/Index
INFO: [ app_init ] --START--
INFO: Run Behavior\BuildLiteBehavior [ RunTime:0.000111s ]
INFO: [ app_init ] --END-- [ RunTime:0.003814s ]
INFO: [ app_begin ] --START--
INFO: Run Behavior\ReadHtmlCacheBehavior [ RunTime:0.011597s ]
INFO: [ app_begin ] --END-- [ RunTime:0.012265s ]
INFO: [ view_parse ] --START--
INFO: [ template_filter ] --START--
INFO: Run Behavior\ContentReplaceBehavior [ RunTime:0.000230s ]
INFO: [ template_filter ] --END-- [ RunTime:0.000616s ]
INFO: Run Behavior\ParseTemplateBehavior [ RunTime:0.161546s ]
INFO: [ view_parse ] --END-- [ RunTime:0.162037s ]
INFO: [ view_filter ] --START--
INFO: Run Behavior\WriteHtmlCacheBehavior [ RunTime:0.001760s ]
INFO: [ view_filter ] --END-- [ RunTime:0.002024s ]
INFO: [ app_end ] --START--
INFO: Run Behavior\ShowPageTraceBehavior [ RunTime:0.003230s ]
INFO: [ app_end ] --END-- [ RunTime:0.003521s ]

[ 2016-10-11T21:25:16+08:00 ] 127.0.0.1 /Shopping/index.php/Admin/ProductCategories/addProductCategories.html
INFO: [ app_init ] --START--
INFO: Run Behavior\BuildLiteBehavior [ RunTime:0.000202s ]
INFO: [ app_init ] --END-- [ RunTime:0.004208s ]
INFO: [ app_begin ] --START--
INFO: Run Behavior\ReadHtmlCacheBehavior [ RunTime:0.004916s ]
INFO: [ app_begin ] --END-- [ RunTime:0.005520s ]
SQL: SHOW COLUMNS FROM `productcategories` [ RunTime:0.0096s ]
SQL: SELECT * FROM `productcategories` ORDER BY sortid desc  [ RunTime:0.0016s ]
INFO: [ view_parse ] --START--
INFO: [ template_filter ] --START--
INFO: Run Behavior\ContentReplaceBehavior [ RunTime:0.000235s ]
INFO: [ template_filter ] --END-- [ RunTime:0.000545s ]
INFO: Run Behavior\ParseTemplateBehavior [ RunTime:0.172986s ]
INFO: [ view_parse ] --END-- [ RunTime:0.173321s ]
INFO: [ view_filter ] --START--
INFO: Run Behavior\WriteHtmlCacheBehavior [ RunTime:0.001784s ]
INFO: [ view_filter ] --END-- [ RunTime:0.002042s ]
INFO: [ app_end ] --START--
INFO: Run Behavior\ShowPageTraceBehavior [ RunTime:0.003316s ]
INFO: [ app_end ] --END-- [ RunTime:0.003615s ]

[ 2016-10-11T21:25:18+08:00 ] 127.0.0.1 /Shopping/index.php/Admin/Products/addProducts.html
INFO: [ app_init ] --START--
INFO: Run Behavior\BuildLiteBehavior [ RunTime:0.000110s ]
INFO: [ app_init ] --END-- [ RunTime:0.002747s ]
INFO: [ app_begin ] --START--
INFO: Run Behavior\ReadHtmlCacheBehavior [ RunTime:0.004337s ]
INFO: [ app_begin ] --END-- [ RunTime:0.005025s ]
SQL: SHOW COLUMNS FROM `productcategories` [ RunTime:0.0101s ]
SQL: SELECT * FROM `productcategories` ORDER BY sortid desc  [ RunTime:0.0016s ]
INFO: [ view_parse ] --START--
INFO: [ template_filter ] --START--
INFO: Run Behavior\ContentReplaceBehavior [ RunTime:0.000304s ]
INFO: [ template_filter ] --END-- [ RunTime:0.000659s ]
INFO: Run Behavior\ParseTemplateBehavior [ RunTime:0.191341s ]
INFO: [ view_parse ] --END-- [ RunTime:0.191724s ]
INFO: [ view_filter ] --START--
INFO: Run Behavior\WriteHtmlCacheBehavior [ RunTime:0.003183s ]
INFO: [ view_filter ] --END-- [ RunTime:0.003513s ]
INFO: [ app_end ] --START--
INFO: Run Behavior\ShowPageTraceBehavior [ RunTime:0.002975s ]
INFO: [ app_end ] --END-- [ RunTime:0.003339s ]

[ 2016-10-11T21:25:23+08:00 ] 127.0.0.1 /Shopping/index.php/Admin/Index/index.html
INFO: [ app_init ] --START--
INFO: Run Behavior\BuildLiteBehavior [ RunTime:0.000113s ]
INFO: [ app_init ] --END-- [ RunTime:0.003217s ]
INFO: [ app_begin ] --START--
INFO: Run Behavior\ReadHtmlCacheBehavior [ RunTime:0.003966s ]
INFO: [ app_begin ] --END-- [ RunTime:0.004426s ]
INFO: [ view_parse ] --START--
INFO: [ template_filter ] --START--
INFO: Run Behavior\ContentReplaceBehavior [ RunTime:0.000291s ]
INFO: [ template_filter ] --END-- [ RunTime:0.000732s ]
INFO: Run Behavior\ParseTemplateBehavior [ RunTime:0.050659s ]
INFO: [ view_parse ] --END-- [ RunTime:0.051118s ]
INFO: [ view_filter ] --START--
INFO: Run Behavior\WriteHtmlCacheBehavior [ RunTime:0.001865s ]
INFO: [ view_filter ] --END-- [ RunTime:0.002276s ]
INFO: [ app_end ] --START--
INFO: Run Behavior\ShowPageTraceBehavior [ RunTime:0.003561s ]
INFO: [ app_end ] --END-- [ RunTime:0.004099s ]

[ 2016-10-11T21:25:27+08:00 ] 127.0.0.1 /Shopping/index.php/Admin/Products/addProducts.html
INFO: [ app_init ] --START--
INFO: Run Behavior\BuildLiteBehavior [ RunTime:0.000111s ]
INFO: [ app_init ] --END-- [ RunTime:0.002954s ]
INFO: [ app_begin ] --START--
INFO: Run Behavior\ReadHtmlCacheBehavior [ RunTime:0.004229s ]
INFO: [ app_begin ] --END-- [ RunTime:0.004727s ]
SQL: SHOW COLUMNS FROM `productcategories` [ RunTime:0.0099s ]
SQL: SELECT * FROM `productcategories` ORDER BY sortid desc  [ RunTime:0.0018s ]
INFO: [ view_parse ] --START--
INFO: [ template_filter ] --START--
INFO: Run Behavior\ContentReplaceBehavior [ RunTime:0.000291s ]
INFO: [ template_filter ] --END-- [ RunTime:0.000648s ]
INFO: Run Behavior\ParseTemplateBehavior [ RunTime:0.043316s ]
INFO: [ view_parse ] --END-- [ RunTime:0.043685s ]
INFO: [ view_filter ] --START--
INFO: Run Behavior\WriteHtmlCacheBehavior [ RunTime:0.001687s ]
INFO: [ view_filter ] --END-- [ RunTime:0.002000s ]
INFO: [ app_end ] --START--
INFO: Run Behavior\ShowPageTraceBehavior [ RunTime:0.002958s ]
INFO: [ app_end ] --END-- [ RunTime:0.003316s ]

[ 2016-10-11T21:25:29+08:00 ] 127.0.0.1 /Shopping/index.php/Admin/ProductCategories/addProductCategories.html
INFO: [ app_init ] --START--
INFO: Run Behavior\BuildLiteBehavior [ RunTime:0.000110s ]
INFO: [ app_init ] --END-- [ RunTime:0.002708s ]
INFO: [ app_begin ] --START--
INFO: Run Behavior\ReadHtmlCacheBehavior [ RunTime:0.004556s ]
INFO: [ app_begin ] --END-- [ RunTime:0.005039s ]
SQL: SHOW COLUMNS FROM `productcategories` [ RunTime:0.0128s ]
SQL: SELECT * FROM `productcategories` ORDER BY sortid desc  [ RunTime:0.0020s ]
INFO: [ view_parse ] --START--
INFO: [ template_filter ] --START--
INFO: Run Behavior\ContentReplaceBehavior [ RunTime:0.000346s ]
INFO: [ template_filter ] --END-- [ RunTime:0.000933s ]
INFO: Run Behavior\ParseTemplateBehavior [ RunTime:0.060086s ]
INFO: [ view_parse ] --END-- [ RunTime:0.060572s ]
INFO: [ view_filter ] --START--
INFO: Run Behavior\WriteHtmlCacheBehavior [ RunTime:0.001876s ]
INFO: [ view_filter ] --END-- [ RunTime:0.002632s ]
INFO: [ app_end ] --START--
INFO: Run Behavior\ShowPageTraceBehavior [ RunTime:0.003629s ]
INFO: [ app_end ] --END-- [ RunTime:0.004210s ]

[ 2016-10-11T21:25:46+08:00 ] 127.0.0.1 /Shopping/index.php/Admin/Index/index.html
INFO: [ app_init ] --START--
INFO: Run Behavior\BuildLiteBehavior [ RunTime:0.000115s ]
INFO: [ app_init ] --END-- [ RunTime:0.003581s ]
INFO: [ app_begin ] --START--
INFO: Run Behavior\ReadHtmlCacheBehavior [ RunTime:0.003637s ]
INFO: [ app_begin ] --END-- [ RunTime:0.004094s ]
INFO: [ view_parse ] --START--
INFO: [ template_filter ] --START--
INFO: Run Behavior\ContentReplaceBehavior [ RunTime:0.000297s ]
INFO: [ template_filter ] --END-- [ RunTime:0.000740s ]
INFO: Run Behavior\ParseTemplateBehavior [ RunTime:0.046923s ]
INFO: [ view_parse ] --END-- [ RunTime:0.047362s ]
INFO: [ view_filter ] --START--
INFO: Run Behavior\WriteHtmlCacheBehavior [ RunTime:0.001760s ]
INFO: [ view_filter ] --END-- [ RunTime:0.002166s ]
INFO: [ app_end ] --START--
INFO: Run Behavior\ShowPageTraceBehavior [ RunTime:0.003559s ]
INFO: [ app_end ] --END-- [ RunTime:0.003979s ]

[ 2016-10-11T21:26:07+08:00 ] 127.0.0.1 /Shopping/index.php/Admin/index
INFO: [ app_init ] --START--
INFO: Run Behavior\BuildLiteBehavior [ RunTime:0.000107s ]
INFO: [ app_init ] --END-- [ RunTime:0.002804s ]
INFO: [ app_begin ] --START--
INFO: Run Behavior\ReadHtmlCacheBehavior [ RunTime:0.003466s ]
INFO: [ app_begin ] --END-- [ RunTime:0.003933s ]
INFO: [ view_parse ] --START--
INFO: [ template_filter ] --START--
INFO: Run Behavior\ContentReplaceBehavior [ RunTime:0.000224s ]
INFO: [ template_filter ] --END-- [ RunTime:0.000569s ]
INFO: Run Behavior\ParseTemplateBehavior [ RunTime:0.040378s ]
INFO: [ view_parse ] --END-- [ RunTime:0.040821s ]
INFO: [ view_filter ] --START--
INFO: Run Behavior\WriteHtmlCacheBehavior [ RunTime:0.001426s ]
INFO: [ view_filter ] --END-- [ RunTime:0.001743s ]
INFO: [ app_end ] --START--
INFO: Run Behavior\ShowPageTraceBehavior [ RunTime:0.002793s ]
INFO: [ app_end ] --END-- [ RunTime:0.003114s ]

[ 2016-10-11T21:31:07+08:00 ] 127.0.0.1 /Shopping/index.php/Admin/index
INFO: [ app_init ] --START--
INFO: Run Behavior\BuildLiteBehavior [ RunTime:0.000091s ]
INFO: [ app_init ] --END-- [ RunTime:0.004047s ]
INFO: [ app_begin ] --START--
INFO: Run Behavior\ReadHtmlCacheBehavior [ RunTime:0.014971s ]
INFO: [ app_begin ] --END-- [ RunTime:0.015468s ]
INFO: [ view_parse ] --START--
INFO: [ template_filter ] --START--
INFO: Run Behavior\ContentReplaceBehavior [ RunTime:0.000427s ]
INFO: [ template_filter ] --END-- [ RunTime:0.001012s ]
INFO: Run Behavior\ParseTemplateBehavior [ RunTime:0.048461s ]
INFO: [ view_parse ] --END-- [ RunTime:0.049034s ]
INFO: [ view_filter ] --START--
INFO: Run Behavior\WriteHtmlCacheBehavior [ RunTime:0.002407s ]
INFO: [ view_filter ] --END-- [ RunTime:0.002852s ]
INFO: [ app_end ] --START--
INFO: Run Behavior\ShowPageTraceBehavior [ RunTime:0.003454s ]
INFO: [ app_end ] --END-- [ RunTime:0.003768s ]

[ 2016-10-11T21:33:08+08:00 ] 127.0.0.1 /Shopping/index.php/Admin/index
INFO: [ app_init ] --START--
INFO: Run Behavior\BuildLiteBehavior [ RunTime:0.000042s ]
INFO: [ app_init ] --END-- [ RunTime:0.001104s ]
INFO: [ app_begin ] --START--
INFO: Run Behavior\ReadHtmlCacheBehavior [ RunTime:0.001630s ]
INFO: [ app_begin ] --END-- [ RunTime:0.001809s ]
INFO: [ view_parse ] --START--
INFO: [ template_filter ] --START--
INFO: Run Behavior\ContentReplaceBehavior [ RunTime:0.000103s ]
INFO: [ template_filter ] --END-- [ RunTime:0.000258s ]
INFO: Run Behavior\ParseTemplateBehavior [ RunTime:0.074651s ]
INFO: [ view_parse ] --END-- [ RunTime:0.074826s ]
INFO: [ view_filter ] --START--
INFO: Run Behavior\WriteHtmlCacheBehavior [ RunTime:0.001173s ]
INFO: [ view_filter ] --END-- [ RunTime:0.001342s ]
INFO: [ app_end ] --START--
INFO: Run Behavior\ShowPageTraceBehavior [ RunTime:0.002068s ]
INFO: [ app_end ] --END-- [ RunTime:0.002261s ]

[ 2016-10-11T21:33:13+08:00 ] 127.0.0.1 /Shopping/index.php/Admin/User/logout.html
INFO: [ app_init ] --START--
INFO: Run Behavior\BuildLiteBehavior [ RunTime:0.000111s ]
INFO: [ app_init ] --END-- [ RunTime:0.003321s ]
INFO: [ app_begin ] --START--
INFO: Run Behavior\ReadHtmlCacheBehavior [ RunTime:0.004665s ]
INFO: [ app_begin ] --END-- [ RunTime:0.005129s ]
INFO: [ view_parse ] --START--
INFO: [ template_filter ] --START--
INFO: Run Behavior\ContentReplaceBehavior [ RunTime:0.000245s ]
INFO: [ template_filter ] --END-- [ RunTime:0.000608s ]
INFO: Run Behavior\ParseTemplateBehavior [ RunTime:0.050051s ]
INFO: [ view_parse ] --END-- [ RunTime:0.050455s ]
INFO: [ view_filter ] --START--
INFO: Run Behavior\WriteHtmlCacheBehavior [ RunTime:0.002034s ]
INFO: [ view_filter ] --END-- [ RunTime:0.002355s ]
INFO: [ app_end ] --START--
INFO: Run Behavior\ShowPageTraceBehavior [ RunTime:0.003756s ]
INFO: [ app_end ] --END-- [ RunTime:0.004093s ]

[ 2016-10-11T21:34:02+08:00 ] 127.0.0.1 /Shopping/index.php/Admin/Index
INFO: [ app_init ] --START--
INFO: Run Behavior\BuildLiteBehavior [ RunTime:0.000107s ]
INFO: [ app_init ] --END-- [ RunTime:0.002987s ]
INFO: [ app_begin ] --START--
INFO: Run Behavior\ReadHtmlCacheBehavior [ RunTime:0.005408s ]
INFO: [ app_begin ] --END-- [ RunTime:0.005910s ]
INFO: [ view_parse ] --START--
INFO: [ template_filter ] --START--
INFO: Run Behavior\ContentReplaceBehavior [ RunTime:0.000329s ]
INFO: [ template_filter ] --END-- [ RunTime:0.000672s ]
INFO: Run Behavior\ParseTemplateBehavior [ RunTime:0.047066s ]
INFO: [ view_parse ] --END-- [ RunTime:0.047473s ]
INFO: [ view_filter ] --START--
INFO: Run Behavior\WriteHtmlCacheBehavior [ RunTime:0.002132s ]
INFO: [ view_filter ] --END-- [ RunTime:0.002473s ]
INFO: [ app_end ] --START--
INFO: Run Behavior\ShowPageTraceBehavior [ RunTime:0.003406s ]
INFO: [ app_end ] --END-- [ RunTime:0.003728s ]

[ 2016-10-11T21:34:09+08:00 ] 127.0.0.1 /Shopping/index.php/Admin/User/logout.html
INFO: [ app_init ] --START--
INFO: Run Behavior\BuildLiteBehavior [ RunTime:0.000109s ]
INFO: [ app_init ] --END-- [ RunTime:0.002649s ]
INFO: [ app_begin ] --START--
INFO: Run Behavior\ReadHtmlCacheBehavior [ RunTime:0.003406s ]
INFO: [ app_begin ] --END-- [ RunTime:0.003847s ]
INFO: [ view_parse ] --START--
INFO: [ template_filter ] --START--
INFO: Run Behavior\ContentReplaceBehavior [ RunTime:0.000278s ]
INFO: [ template_filter ] --END-- [ RunTime:0.000732s ]
INFO: Run Behavior\ParseTemplateBehavior [ RunTime:0.047007s ]
INFO: [ view_parse ] --END-- [ RunTime:0.047451s ]
INFO: [ view_filter ] --START--
INFO: Run Behavior\WriteHtmlCacheBehavior [ RunTime:0.001926s ]
INFO: [ view_filter ] --END-- [ RunTime:0.002431s ]
INFO: [ app_end ] --START--
INFO: Run Behavior\ShowPageTraceBehavior [ RunTime:0.003603s ]
INFO: [ app_end ] --END-- [ RunTime:0.003998s ]

[ 2016-10-11T21:34:11+08:00 ] 127.0.0.1 /Shopping/index.php/Admin/User/Login.html
INFO: [ app_init ] --START--
INFO: Run Behavior\BuildLiteBehavior [ RunTime:0.000110s ]
INFO: [ app_init ] --END-- [ RunTime:0.003611s ]
INFO: [ app_begin ] --START--
INFO: Run Behavior\ReadHtmlCacheBehavior [ RunTime:0.003426s ]
INFO: [ app_begin ] --END-- [ RunTime:0.003894s ]
INFO: [ view_parse ] --START--
INFO: [ template_filter ] --START--
INFO: Run Behavior\ContentReplaceBehavior [ RunTime:0.000347s ]
INFO: [ template_filter ] --END-- [ RunTime:0.000805s ]
INFO: Run Behavior\ParseTemplateBehavior [ RunTime:0.170357s ]
INFO: [ view_parse ] --END-- [ RunTime:0.170757s ]
INFO: [ view_filter ] --START--
INFO: Run Behavior\WriteHtmlCacheBehavior [ RunTime:0.001393s ]
INFO: [ view_filter ] --END-- [ RunTime:0.001724s ]
INFO: [ app_end ] --START--
INFO: Run Behavior\ShowPageTraceBehavior [ RunTime:0.002651s ]
INFO: [ app_end ] --END-- [ RunTime:0.002992s ]

[ 2016-10-11T21:35:49+08:00 ] 127.0.0.1 /Shopping/index.php/Admin/User/Login.html
INFO: [ app_init ] --START--
INFO: Run Behavior\BuildLiteBehavior [ RunTime:0.000102s ]
INFO: [ app_init ] --END-- [ RunTime:0.005782s ]
INFO: [ app_begin ] --START--
INFO: Run Behavior\ReadHtmlCacheBehavior [ RunTime:0.003968s ]
INFO: [ app_begin ] --END-- [ RunTime:0.004365s ]
INFO: [ view_parse ] --START--
INFO: [ template_filter ] --START--
INFO: Run Behavior\ContentReplaceBehavior [ RunTime:0.000552s ]
INFO: [ template_filter ] --END-- [ RunTime:0.001328s ]
INFO: Run Behavior\ParseTemplateBehavior [ RunTime:0.157950s ]
INFO: [ view_parse ] --END-- [ RunTime:0.158320s ]
INFO: [ view_filter ] --START--
INFO: Run Behavior\WriteHtmlCacheBehavior [ RunTime:0.001369s ]
INFO: [ view_filter ] --END-- [ RunTime:0.001660s ]
INFO: [ app_end ] --START--
INFO: Run Behavior\ShowPageTraceBehavior [ RunTime:0.002438s ]
INFO: [ app_end ] --END-- [ RunTime:0.002831s ]

[ 2016-10-11T21:36:16+08:00 ] 127.0.0.1 /Shopping/index.php/Admin/User/Login.html
INFO: [ app_init ] --START--
INFO: Run Behavior\BuildLiteBehavior [ RunTime:0.000137s ]
INFO: [ app_init ] --END-- [ RunTime:0.004315s ]
INFO: [ app_begin ] --START--
INFO: Run Behavior\ReadHtmlCacheBehavior [ RunTime:0.005844s ]
INFO: [ app_begin ] --END-- [ RunTime:0.006340s ]
INFO: [ view_parse ] --START--
INFO: [ template_filter ] --START--
INFO: Run Behavior\ContentReplaceBehavior [ RunTime:0.000454s ]
INFO: [ template_filter ] --END-- [ RunTime:0.000832s ]
INFO: Run Behavior\ParseTemplateBehavior [ RunTime:0.145417s ]
INFO: [ view_parse ] --END-- [ RunTime:0.146004s ]
INFO: [ view_filter ] --START--
INFO: Run Behavior\WriteHtmlCacheBehavior [ RunTime:0.001760s ]
INFO: [ view_filter ] --END-- [ RunTime:0.002019s ]
INFO: [ app_end ] --START--
INFO: Run Behavior\ShowPageTraceBehavior [ RunTime:0.002769s ]
INFO: [ app_end ] --END-- [ RunTime:0.003046s ]

[ 2016-10-11T21:37:08+08:00 ] 127.0.0.1 /Shopping/index.php/Admin/ProductCategories/addProductCategories.html
INFO: [ app_init ] --START--
INFO: Run Behavior\BuildLiteBehavior [ RunTime:0.000111s ]
INFO: [ app_init ] --END-- [ RunTime:0.003287s ]
INFO: [ app_begin ] --START--
INFO: Run Behavior\ReadHtmlCacheBehavior [ RunTime:0.004471s ]
INFO: [ app_begin ] --END-- [ RunTime:0.004923s ]
SQL: SHOW COLUMNS FROM `productcategories` [ RunTime:0.0116s ]
SQL: SELECT * FROM `productcategories` ORDER BY sortid desc  [ RunTime:0.0020s ]
INFO: [ view_parse ] --START--
INFO: [ template_filter ] --START--
INFO: Run Behavior\ContentReplaceBehavior [ RunTime:0.000332s ]
INFO: [ template_filter ] --END-- [ RunTime:0.000763s ]
INFO: Run Behavior\ParseTemplateBehavior [ RunTime:0.210919s ]
INFO: [ view_parse ] --END-- [ RunTime:0.211329s ]
INFO: [ view_filter ] --START--
INFO: Run Behavior\WriteHtmlCacheBehavior [ RunTime:0.002080s ]
INFO: [ view_filter ] --END-- [ RunTime:0.002399s ]
INFO: [ app_end ] --START--
INFO: Run Behavior\ShowPageTraceBehavior [ RunTime:0.002936s ]
INFO: [ app_end ] --END-- [ RunTime:0.003214s ]

[ 2016-10-11T21:37:10+08:00 ] 127.0.0.1 /Shopping/index.php/Admin/Products/addProducts.html
INFO: [ app_init ] --START--
INFO: Run Behavior\BuildLiteBehavior [ RunTime:0.000112s ]
INFO: [ app_init ] --END-- [ RunTime:0.005094s ]
INFO: [ app_begin ] --START--
INFO: Run Behavior\ReadHtmlCacheBehavior [ RunTime:0.003829s ]
INFO: [ app_begin ] --END-- [ RunTime:0.004281s ]
SQL: SHOW COLUMNS FROM `productcategories` [ RunTime:0.0091s ]
SQL: SELECT * FROM `productcategories` ORDER BY sortid desc  [ RunTime:0.0017s ]
INFO: [ view_parse ] --START--
INFO: [ template_filter ] --START--
INFO: Run Behavior\ContentReplaceBehavior [ RunTime:0.000572s ]
INFO: [ template_filter ] --END-- [ RunTime:0.001075s ]
INFO: Run Behavior\ParseTemplateBehavior [ RunTime:0.164185s ]
INFO: [ view_parse ] --END-- [ RunTime:0.164552s ]
INFO: [ view_filter ] --START--
INFO: Run Behavior\WriteHtmlCacheBehavior [ RunTime:0.001422s ]
INFO: [ view_filter ] --END-- [ RunTime:0.001724s ]
INFO: [ app_end ] --START--
INFO: Run Behavior\ShowPageTraceBehavior [ RunTime:0.002757s ]
INFO: [ app_end ] --END-- [ RunTime:0.003098s ]

[ 2016-10-11T22:09:56+08:00 ] 127.0.0.1 /Shopping/index.php/Admin/Products/addProducts.html
INFO: [ app_init ] --START--
INFO: Run Behavior\BuildLiteBehavior [ RunTime:0.000093s ]
INFO: [ app_init ] --END-- [ RunTime:0.002852s ]
INFO: [ app_begin ] --START--
INFO: Run Behavior\ReadHtmlCacheBehavior [ RunTime:0.004602s ]
INFO: [ app_begin ] --END-- [ RunTime:0.005209s ]
SQL: SHOW COLUMNS FROM `productcategories` [ RunTime:0.0087s ]
SQL: SELECT * FROM `productcategories` ORDER BY sortid desc  [ RunTime:0.0016s ]
INFO: [ view_parse ] --START--
INFO: [ template_filter ] --START--
INFO: Run Behavior\ContentReplaceBehavior [ RunTime:0.000213s ]
INFO: [ template_filter ] --END-- [ RunTime:0.000476s ]
INFO: Run Behavior\ParseTemplateBehavior [ RunTime:0.133188s ]
INFO: [ view_parse ] --END-- [ RunTime:0.133485s ]
INFO: [ view_filter ] --START--
INFO: Run Behavior\WriteHtmlCacheBehavior [ RunTime:0.001561s ]
INFO: [ view_filter ] --END-- [ RunTime:0.001792s ]
INFO: [ app_end ] --START--
INFO: Run Behavior\ShowPageTraceBehavior [ RunTime:0.002929s ]
INFO: [ app_end ] --END-- [ RunTime:0.003183s ]

