[ 2016-09-28T22:29:57+08:00 ] 127.0.0.1 /Shopping/index.php/ProductCategories/addProductCategories.html
INFO: [ app_init ] --START--
INFO: Run Behavior\BuildLiteBehavior [ RunTime:0.000034s ]
INFO: [ app_init ] --END-- [ RunTime:0.001036s ]
ERR: 无法加载模块:ProductCategories

[ 2016-09-28T22:30:16+08:00 ] 127.0.0.1 /Shopping/index.php/ProductCategories/addProductCategories.html
INFO: [ app_init ] --START--
INFO: Run Behavior\BuildLiteBehavior [ RunTime:0.000285s ]
INFO: [ app_init ] --END-- [ RunTime:0.005896s ]
ERR: 无法加载模块:ProductCategories

[ 2016-09-28T22:30:19+08:00 ] 127.0.0.1 /Shopping/index.php/ProductCategories/addProductCategories.html
INFO: [ app_init ] --START--
INFO: Run Behavior\BuildLiteBehavior [ RunTime:0.000105s ]
INFO: [ app_init ] --END-- [ RunTime:0.003114s ]
ERR: 无法加载模块:ProductCategories

[ 2016-09-28T22:30:22+08:00 ] 127.0.0.1 /Shopping/index.php/ProductCategories/addProductCategories.html
INFO: [ app_init ] --START--
INFO: Run Behavior\BuildLiteBehavior [ RunTime:0.000105s ]
INFO: [ app_init ] --END-- [ RunTime:0.004060s ]
ERR: 无法加载模块:ProductCategories

